0 info it worked if it ends with ok
1 verbose cli [ '/usr/local/bin/node',
1 verbose cli   '/usr/local/bin/npm',
1 verbose cli   'install',
1 verbose cli   'underscore' ]
2 info using npm@1.4.28
3 info using node@v0.10.33
4 verbose readDependencies using package.json deps
5 verbose cache add [ 'underscore', null ]
6 verbose cache add name=undefined spec="underscore" args=["underscore",null]
7 verbose parsed url { protocol: null,
7 verbose parsed url   slashes: null,
7 verbose parsed url   auth: null,
7 verbose parsed url   host: null,
7 verbose parsed url   port: null,
7 verbose parsed url   hostname: null,
7 verbose parsed url   hash: null,
7 verbose parsed url   search: null,
7 verbose parsed url   query: null,
7 verbose parsed url   pathname: 'underscore',
7 verbose parsed url   path: 'underscore',
7 verbose parsed url   href: 'underscore' }
8 silly lockFile 64bc6893-underscore underscore
9 verbose lock underscore /home/eihli/.npm/64bc6893-underscore.lock
10 silly lockFile 64bc6893-underscore underscore
11 silly lockFile 64bc6893-underscore underscore
12 verbose addNamed [ 'underscore', '' ]
13 verbose addNamed [ null, '*' ]
14 silly lockFile 7629b758-underscore underscore@
15 verbose lock underscore@ /home/eihli/.npm/7629b758-underscore.lock
16 silly addNameRange { name: 'underscore', range: '*', hasData: false }
17 verbose request where is /underscore
18 verbose request registry https://registry.npmjs.org/
19 verbose request id af970432a941ab52
20 verbose url raw /underscore
21 verbose url resolving [ 'https://registry.npmjs.org/', './underscore' ]
22 verbose url resolved https://registry.npmjs.org/underscore
23 verbose request where is https://registry.npmjs.org/underscore
24 info trying registry request attempt 1 at 12:04:14
25 verbose etag "2NWVEHCVFKNUB5SF8KX5V1BQ2"
26 http GET https://registry.npmjs.org/underscore
27 http 304 https://registry.npmjs.org/underscore
28 silly registry.get cb [ 304,
28 silly registry.get   { date: 'Tue, 25 Nov 2014 18:04:17 GMT',
28 silly registry.get     server: 'Apache',
28 silly registry.get     via: '1.1 varnish',
28 silly registry.get     'last-modified': 'Tue, 25 Nov 2014 18:03:56 GMT',
28 silly registry.get     'cache-control': 'max-age=60',
28 silly registry.get     etag: '"2NWVEHCVFKNUB5SF8KX5V1BQ2"',
28 silly registry.get     age: '33',
28 silly registry.get     'x-served-by': 'cache-ord1728-ORD',
28 silly registry.get     'x-cache': 'HIT',
28 silly registry.get     'x-cache-hits': '3',
28 silly registry.get     'x-timer': 'S1416938657.301317,VS0,VE0',
28 silly registry.get     vary: 'Accept',
28 silly registry.get     'content-length': '0',
28 silly registry.get     'keep-alive': 'timeout=10, max=50',
28 silly registry.get     connection: 'Keep-Alive' } ]
29 verbose etag https://registry.npmjs.org/underscore from cache
30 silly addNameRange number 2 { name: 'underscore', range: '*', hasData: true }
31 silly addNameRange versions [ 'underscore',
31 silly addNameRange   [ '1.0.3',
31 silly addNameRange     '1.0.4',
31 silly addNameRange     '1.1.0',
31 silly addNameRange     '1.1.1',
31 silly addNameRange     '1.1.2',
31 silly addNameRange     '1.1.3',
31 silly addNameRange     '1.1.4',
31 silly addNameRange     '1.1.5',
31 silly addNameRange     '1.1.6',
31 silly addNameRange     '1.1.7',
31 silly addNameRange     '1.2.0',
31 silly addNameRange     '1.2.1',
31 silly addNameRange     '1.2.2',
31 silly addNameRange     '1.2.3',
31 silly addNameRange     '1.2.4',
31 silly addNameRange     '1.3.0',
31 silly addNameRange     '1.3.1',
31 silly addNameRange     '1.3.2',
31 silly addNameRange     '1.3.3',
31 silly addNameRange     '1.4.0',
31 silly addNameRange     '1.4.1',
31 silly addNameRange     '1.4.2',
31 silly addNameRange     '1.4.3',
31 silly addNameRange     '1.4.4',
31 silly addNameRange     '1.5.0',
31 silly addNameRange     '1.5.1',
31 silly addNameRange     '1.5.2',
31 silly addNameRange     '1.6.0',
31 silly addNameRange     '1.7.0' ] ]
32 verbose addNamed [ 'underscore', '1.7.0' ]
33 verbose addNamed [ '1.7.0', '1.7.0' ]
34 silly lockFile 900da168-underscore-1-7-0 underscore@1.7.0
35 verbose lock underscore@1.7.0 /home/eihli/.npm/900da168-underscore-1-7-0.lock
36 silly lockFile 0bc9860b--underscore-underscore-1-7-0-tgz https://registry.npmjs.org/underscore/-/underscore-1.7.0.tgz
37 verbose lock https://registry.npmjs.org/underscore/-/underscore-1.7.0.tgz /home/eihli/.npm/0bc9860b--underscore-underscore-1-7-0-tgz.lock
38 verbose addRemoteTarball [ 'https://registry.npmjs.org/underscore/-/underscore-1.7.0.tgz',
38 verbose addRemoteTarball   '6bbaf0877500d36be34ecaa584e0db9fef035209' ]
39 info retry fetch attempt 1 at 12:04:14
40 verbose fetch to= /tmp/npm-17786-7bMMerA-/registry.npmjs.org/underscore/-/underscore-1.7.0.tgz
41 http GET https://registry.npmjs.org/underscore/-/underscore-1.7.0.tgz
42 http 200 https://registry.npmjs.org/underscore/-/underscore-1.7.0.tgz
43 silly lockFile 0bc9860b--underscore-underscore-1-7-0-tgz https://registry.npmjs.org/underscore/-/underscore-1.7.0.tgz
44 silly lockFile 0bc9860b--underscore-underscore-1-7-0-tgz https://registry.npmjs.org/underscore/-/underscore-1.7.0.tgz
45 silly lockFile 900da168-underscore-1-7-0 underscore@1.7.0
46 silly lockFile 900da168-underscore-1-7-0 underscore@1.7.0
47 silly lockFile 7629b758-underscore underscore@
48 silly lockFile 7629b758-underscore underscore@
49 error Error: EACCES, mkdir '/home/eihli/.npm/underscore/1.7.0'
49 error  { [Error: EACCES, mkdir '/home/eihli/.npm/underscore/1.7.0']
49 error   errno: 3,
49 error   code: 'EACCES',
49 error   path: '/home/eihli/.npm/underscore/1.7.0',
49 error   parent: 'owoga' }
50 error Please try running this command again as root/Administrator.
51 error System Linux 3.13.0-24-generic
52 error command "/usr/local/bin/node" "/usr/local/bin/npm" "install" "underscore"
53 error cwd /home/eihli/code/owoga
54 error node -v v0.10.33
55 error npm -v 1.4.28
56 error path /home/eihli/.npm/underscore/1.7.0
57 error code EACCES
58 error errno 3
59 error stack Error: EACCES, mkdir '/home/eihli/.npm/underscore/1.7.0'
60 verbose exit [ 3, true ]
